src/malaria_predictor/services/dhis2_service.py:151: error: Returning Any from function declared to return "list[dict[str, Any]]"  [no-any-return]
src/malaria_predictor/ml/evaluation/metrics.py:217: error: Incompatible return value type (got "dict[str, floating[Any]]", expected "dict[str, float]")  [return-value]
src/malaria_predictor/ml/evaluation/metrics.py:261: error: Incompatible types in assignment (expression has type "DatetimeIndex", variable has type "ndarray[tuple[Any, ...], dtype[Any]]")  [assignment]
src/malaria_predictor/ml/evaluation/metrics.py:369: error: Incompatible return value type (got "dict[str, floating[Any]]", expected "dict[str, float]")  [return-value]
src/malaria_predictor/ml/evaluation/metrics.py:378: error: Returning Any from function declared to return "float"  [no-any-return]
src/malaria_predictor/ml/evaluation/metrics.py:423: error: Incompatible return value type (got "dict[str, int]", expected "dict[str, float]")  [return-value]
src/malaria_predictor/ml/evaluation/metrics.py:423: note: "dict" is invariant -- see https://mypy.readthedocs.io/en/stable/common_issues.html#variance
src/malaria_predictor/ml/evaluation/metrics.py:423: note: Consider using "Mapping" instead, which is covariant in the value type
src/malaria_predictor/ml/evaluation/metrics.py:423: note: Perhaps you need a type annotation for "calibration_metrics"? Suggestion: "dict[str, float]"
src/malaria_predictor/ml/evaluation/metrics.py:434: error: Returning Any from function declared to return "ndarray[tuple[Any, ...], dtype[Any]]"  [no-any-return]
src/malaria_predictor/ml/evaluation/metrics.py:440: error: Returning Any from function declared to return "float"  [no-any-return]
src/malaria_predictor/ml/evaluation/metrics.py:708: error: Function is missing a type annotation for one or more arguments  [no-untyped-def]
src/malaria_predictor/disaster_recovery/backup_orchestrator.py:27: error: Skipping analyzing "asyncpg": module is installed, but missing library stubs or py.typed marker  [import-untyped]
src/malaria_predictor/disaster_recovery/backup_orchestrator.py:28: error: Skipping analyzing "boto3": module is installed, but missing library stubs or py.typed marker  [import-untyped]
src/malaria_predictor/disaster_recovery/backup_orchestrator.py:30: error: Skipping analyzing "botocore.exceptions": module is installed, but missing library stubs or py.typed marker  [import-untyped]
src/malaria_predictor/disaster_recovery/backup_orchestrator.py:521: error: Incompatible types in assignment (expression has type "None", target has type "str")  [assignment]
src/malaria_predictor/disaster_recovery/backup_orchestrator.py:525: error: Incompatible types in assignment (expression has type "None", target has type "str")  [assignment]
src/malaria_predictor/disaster_recovery/backup_orchestrator.py:720: error: Incompatible types in assignment (expression has type "float", variable has type "int")  [assignment]
src/malaria_predictor/disaster_recovery/backup_orchestrator.py:814: error: Incompatible types in assignment (expression has type "str", target has type "int")  [assignment]
src/malaria_predictor/disaster_recovery/backup_orchestrator.py:819: error: Function is missing a return type annotation  [no-untyped-def]
src/malaria_predictor/disaster_recovery/dr_monitoring_integration.py:431: error: Argument 1 to "post" of "AsyncClient" has incompatible type "str | None"; expected "URL | str"  [arg-type]
src/malaria_predictor/disaster_recovery/dr_monitoring_integration.py:501: error: Returning Any from function declared to return "str | None"  [no-any-return]
src/malaria_predictor/disaster_recovery/dr_monitoring_integration.py:550: error: Function is missing a type annotation  [no-untyped-def]
src/malaria_predictor/disaster_recovery/dr_monitoring_integration.py:554: error: Function is missing a return type annotation  [no-untyped-def]
src/malaria_predictor/disaster_recovery/dr_monitoring_integration.py:554: note: Use "-> None" if function does not return a value
src/malaria_predictor/disaster_recovery/dr_monitoring_integration.py:565: error: Function is missing a type annotation  [no-untyped-def]
src/malaria_predictor/disaster_recovery/dr_monitoring_integration.py:568: error: Function is missing a type annotation  [no-untyped-def]
src/malaria_predictor/disaster_recovery/dr_monitoring_integration.py:571: error: Function is missing a return type annotation  [no-untyped-def]
src/malaria_predictor/disaster_recovery/dr_monitoring_integration.py:571: note: Use "-> None" if function does not return a value
src/malaria_predictor/disaster_recovery/dr_monitoring_integration.py:758: error: Function is missing a return type annotation  [no-untyped-def]
src/malaria_predictor/disaster_recovery/disaster_recovery_tester.py:22: error: Skipping analyzing "asyncpg": module is installed, but missing library stubs or py.typed marker  [import-untyped]
src/malaria_predictor/disaster_recovery/disaster_recovery_tester.py:25: error: Skipping analyzing "kubernetes": module is installed, but missing library stubs or py.typed marker  [import-untyped]
src/malaria_predictor/services/professional_dashboard_service.py:537: error: Missing named argument "target_value" for "DashboardMetrics"  [call-arg]
src/malaria_predictor/services/professional_dashboard_service.py:549: error: Missing named argument "target_value" for "DashboardMetrics"  [call-arg]
src/malaria_predictor/services/professional_dashboard_service.py:601: error: Missing named argument "acknowledged" for "AlertSummary"  [call-arg]
src/malaria_predictor/services/professional_dashboard_service.py:601: error: Missing named argument "resolved" for "AlertSummary"  [call-arg]
src/malaria_predictor/services/professional_dashboard_service.py:609: error: Missing named argument "location" for "AlertSummary"  [call-arg]
src/malaria_predictor/services/professional_dashboard_service.py:609: error: Missing named argument "acknowledged" for "AlertSummary"  [call-arg]
src/malaria_predictor/services/professional_dashboard_service.py:609: error: Missing named argument "resolved" for "AlertSummary"  [call-arg]
src/malaria_predictor/services/professional_dashboard_service.py:616: error: Missing named argument "location" for "AlertSummary"  [call-arg]
src/malaria_predictor/services/professional_dashboard_service.py:616: error: Missing named argument "acknowledged" for "AlertSummary"  [call-arg]
src/malaria_predictor/services/professional_dashboard_service.py:616: error: Missing named argument "resolved" for "AlertSummary"  [call-arg]
src/malaria_predictor/services/data_processor.py:261: error: Returning Any from function declared to return "DataArray"  [no-any-return]
src/malaria_predictor/services/data_processor.py:278: error: Returning Any from function declared to return "DataArray"  [no-any-return]
src/malaria_predictor/services/data_processor.py:306: error: Invalid index type "Hashable" for "dict[str, str]"; expected type "str"  [index]
src/malaria_predictor/services/data_processor.py:363: error: Incompatible types in assignment (expression has type "float", variable has type "int")  [assignment]
src/malaria_predictor/services/data_processor.py:407: error: Returning Any from function declared to return "DataArray"  [no-any-return]
src/malaria_predictor/services/data_processor.py:424: error: Incompatible return value type (got "ndarray[tuple[Any, ...], dtype[float64]]", expected "float | DataArray")  [return-value]
src/malaria_predictor/services/data_processor.py:433: error: Item "float" of "float | DataArray" has no attribute "clip"  [union-attr]
src/malaria_predictor/services/data_processor.py:464: error: Returning Any from function declared to return "DataArray"  [no-any-return]
src/malaria_predictor/services/data_harmonizer.py:333: error: Incompatible types in assignment (expression has type "Hashable", variable has type "DataArray")  [assignment]
src/malaria_predictor/services/data_harmonizer.py:457: error: "DataHarmonizer" has no attribute "_harmonize_location"  [attr-defined]
src/malaria_predictor/services/data_harmonizer.py:486: error: Incompatible return value type (got "list[tuple[floating[Any], floating[Any]]]", expected "list[tuple[float, float]]")  [return-value]
src/malaria_predictor/services/data_harmonizer.py:519: error: "Collection[object]" has no attribute "get"  [attr-defined]
src/malaria_predictor/services/data_harmonizer.py:558: error: Value of type "Collection[object]" is not indexable  [index]
src/malaria_predictor/services/data_harmonizer.py:559: error: Value of type "Collection[object]" is not indexable  [index]
src/malaria_predictor/services/data_harmonizer.py:565: error: Value of type "Collection[object]" is not indexable  [index]
src/malaria_predictor/services/data_harmonizer.py:857: error: "HarmonizedDataPoint" has no attribute "temperature_anomaly"; maybe "temperature_max", "temperature_2m", or "temperature_min"?  [attr-defined]
src/malaria_predictor/services/data_harmonizer.py:920: error: Incompatible return value type (got "None", expected "Path")  [return-value]
src/malaria_predictor/security/token_manager.py:157: error: Incompatible types in assignment (expression has type "datetime | None", target has type "datetime")  [assignment]
src/malaria_predictor/security/token_manager.py:187: error: Unsupported operand types for >= ("datetime" and "None")  [operator]
src/malaria_predictor/security/token_manager.py:187: note: Right operand is of type "datetime | None"
src/malaria_predictor/security/token_manager.py:295: error: Item "None" of "datetime | None" has no attribute "isoformat"  [union-attr]
src/malaria_predictor/security/token_manager.py:296: error: Item "None" of "datetime | None" has no attribute "isoformat"  [union-attr]
src/malaria_predictor/security/token_manager.py:355: error: Incompatible types in assignment (expression has type "datetime | None", target has type "datetime")  [assignment]
src/malaria_predictor/security/token_manager.py:609: error: Returning Any from function declared to return "dict[str, Any]"  [no-any-return]
src/malaria_predictor/security/token_manager.py:630: error: Missing return statement  [return]
src/malaria_predictor/disaster_recovery/data_corruption_detector.py:21: error: Skipping analyzing "asyncpg": module is installed, but missing library stubs or py.typed marker  [import-untyped]
src/malaria_predictor/disaster_recovery/data_corruption_detector.py:855: error: "object" has no attribute "append"  [attr-defined]
src/malaria_predictor/disaster_recovery/data_corruption_detector.py:882: error: "object" has no attribute "append"  [attr-defined]
src/malaria_predictor/disaster_recovery/data_corruption_detector.py:890: error: "object" has no attribute "append"  [attr-defined]
src/malaria_predictor/disaster_recovery/data_corruption_detector.py:899: error: "object" has no attribute "append"  [attr-defined]
src/malaria_predictor/disaster_recovery/data_corruption_detector.py:919: error: "object" has no attribute "append"  [attr-defined]
src/malaria_predictor/disaster_recovery/data_corruption_detector.py:931: error: Argument 1 to "len" has incompatible type "object"; expected "Sized"  [arg-type]
src/malaria_predictor/disaster_recovery/data_corruption_detector.py:974: error: Argument 1 to "post" of "AsyncClient" has incompatible type "str | None"; expected "URL | str"  [arg-type]
src/malaria_predictor/disaster_recovery/data_corruption_detector.py:988: error: Function is missing a return type annotation  [no-untyped-def]
src/malaria_predictor/api/security.py:144: error: Returning Any from function declared to return "str"  [no-any-return]
src/malaria_predictor/api/security.py:149: error: Returning Any from function declared to return "bool"  [no-any-return]
src/malaria_predictor/api/security.py:175: error: Returning Any from function declared to return "str"  [no-any-return]
src/malaria_predictor/api/security.py:189: error: Returning Any from function declared to return "str"  [no-any-return]
src/malaria_predictor/api/security.py:210: error: Returning Any from function declared to return "str"  [no-any-return]
src/malaria_predictor/outbreak/services/pattern_analyzer.py:278: error: Unsupported operand type for unary - ("ExtensionArray | ndarray[tuple[Any, ...], dtype[Any]]")  [operator]
src/malaria_predictor/outbreak/services/pattern_analyzer.py:529: error: Argument 1 to "corr" of "Series" has incompatible type "Index[Any]"; expected "Series[Any]"  [arg-type]
src/malaria_predictor/disaster_recovery/__init__.py:24: error: Module "malaria_predictor.disaster_recovery.backup_orchestrator" has no attribute "BackupOrchestrator"  [attr-defined]
src/malaria_predictor/disaster_recovery/__init__.py:25: error: Module "malaria_predictor.disaster_recovery.data_corruption_detector" has no attribute "DataCorruptionDetector"; maybe "DataCorruptionRecovery" or "DataCorruptionMonitor"?  [attr-defined]
src/malaria_predictor/disaster_recovery/__init__.py:27: error: Module "malaria_predictor.disaster_recovery.dr_monitoring_integration" has no attribute "DRMonitoringIntegration"  [attr-defined]
src/malaria_predictor/api/models.py:357: error: No overload variant of "Field" matches argument types "EllipsisType", "str", "int", "int"  [call-overload]
src/malaria_predictor/api/models.py:357: note: Possible overload variants:
src/malaria_predictor/api/models.py:357: note:     def Field(default: EllipsisType, *, alias: str | None = ..., alias_priority: int | None = ..., validation_alias: str | AliasPath | AliasChoices | None = ..., serialization_alias: str | None = ..., title: str | None = ..., field_title_generator: Callable[[str, FieldInfo], str] | None = ..., description: str | None = ..., examples: list[Any] | None = ..., exclude: bool | None = ..., discriminator: str | Discriminator | None = ..., deprecated: deprecated | str | bool | None = ..., json_schema_extra: JsonDict | Callable[[JsonDict], None] | None = ..., frozen: bool | None = ..., validate_default: bool | None = ..., repr: bool = ..., init: bool | None = ..., init_var: bool | None = ..., kw_only: bool | None = ..., pattern: str | Pattern[str] | None = ..., strict: bool | None = ..., coerce_numbers_to_str: bool | None = ..., gt: SupportsGt | None = ..., ge: SupportsGe | None = ..., lt: SupportsLt | None = ..., le: SupportsLe | None = ..., multiple_of: float | None = ..., allow_inf_nan: bool | None = ..., max_digits: int | None = ..., decimal_places: int | None = ..., min_length: int | None = ..., max_length: int | None = ..., union_mode: Literal['smart', 'left_to_right'] = ..., fail_fast: bool | None = ...) -> Any
src/malaria_predictor/api/models.py:357: note:     def [_T] Field(default: _T, *, alias: str | None = ..., alias_priority: int | None = ..., validation_alias: str | AliasPath | AliasChoices | None = ..., serialization_alias: str | None = ..., title: str | None = ..., field_title_generator: Callable[[str, FieldInfo], str] | None = ..., description: str | None = ..., examples: list[Any] | None = ..., exclude: bool | None = ..., discriminator: str | Discriminator | None = ..., deprecated: deprecated | str | bool | None = ..., json_schema_extra: JsonDict | Callable[[JsonDict], None] | None = ..., frozen: bool | None = ..., validate_default: bool | None = ..., repr: bool = ..., init: bool | None = ..., init_var: bool | None = ..., kw_only: bool | None = ..., pattern: str | Pattern[str] | None = ..., strict: bool | None = ..., coerce_numbers_to_str: bool | None = ..., gt: SupportsGt | None = ..., ge: SupportsGe | None = ..., lt: SupportsLt | None = ..., le: SupportsLe | None = ..., multiple_of: float | None = ..., allow_inf_nan: bool | None = ..., max_digits: int | None = ..., decimal_places: int | None = ..., min_length: int | None = ..., max_length: int | None = ..., union_mode: Literal['smart', 'left_to_right'] = ..., fail_fast: bool | None = ...) -> _T
src/malaria_predictor/api/models.py:357: note:     def [_T] Field(*, default_factory: Callable[[], _T] | Callable[[dict[str, Any]], _T], alias: str | None = ..., alias_priority: int | None = ..., validation_alias: str | AliasPath | AliasChoices | None = ..., serialization_alias: str | None = ..., title: str | None = ..., field_title_generator: Callable[[str, FieldInfo], str] | None = ..., description: str | None = ..., examples: list[Any] | None = ..., exclude: bool | None = ..., discriminator: str | Discriminator | None = ..., deprecated: deprecated | str | bool | None = ..., json_schema_extra: JsonDict | Callable[[JsonDict], None] | None = ..., frozen: bool | None = ..., validate_default: bool | None = ..., repr: bool = ..., init: bool | None = ..., init_var: bool | None = ..., kw_only: bool | None = ..., pattern: str | Pattern[str] | None = ..., strict: bool | None = ..., coerce_numbers_to_str: bool | None = ..., gt: SupportsGt | None = ..., ge: SupportsGe | None = ..., lt: SupportsLt | None = ..., le: SupportsLe | None = ..., multiple_of: float | None = ..., allow_inf_nan: bool | None = ..., max_digits: int | None = ..., decimal_places: int | None = ..., min_length: int | None = ..., max_length: int | None = ..., union_mode: Literal['smart', 'left_to_right'] = ..., fail_fast: bool | None = ...) -> _T
src/malaria_predictor/api/models.py:357: note:     def Field(*, alias: str | None = ..., alias_priority: int | None = ..., validation_alias: str | AliasPath | AliasChoices | None = ..., serialization_alias: str | None = ..., title: str | None = ..., field_title_generator: Callable[[str, FieldInfo], str] | None = ..., description: str | None = ..., examples: list[Any] | None = ..., exclude: bool | None = ..., discriminator: str | Discriminator | None = ..., deprecated: deprecated | str | bool | None = ..., json_schema_extra: JsonDict | Callable[[JsonDict], None] | None = ..., frozen: bool | None = ..., validate_default: bool | None = ..., repr: bool = ..., init: bool | None = ..., init_var: bool | None = ..., kw_only: bool | None = ..., pattern: str | Pattern[str] | None = ..., strict: bool | None = ..., coerce_numbers_to_str: bool | None = ..., gt: SupportsGt | None = ..., ge: SupportsGe | None = ..., lt: SupportsLt | None = ..., le: SupportsLe | None = ..., multiple_of: float | None = ..., allow_inf_nan: bool | None = ..., max_digits: int | None = ..., decimal_places: int | None = ..., min_length: int | None = ..., max_length: int | None = ..., union_mode: Literal['smart', 'left_to_right'] = ..., fail_fast: bool | None = ...) -> Any
src/malaria_predictor/security/__init__.py:254: error: Function is missing a type annotation for one or more arguments  [no-untyped-def]
src/malaria_predictor/security/__init__.py:283: error: Incompatible default for argument "request_context" (default has type "None", argument has type "dict[Any, Any]")  [assignment]
src/malaria_predictor/security/__init__.py:283: note: PEP 484 prohibits implicit Optional. Accordingly, mypy has changed its default to no_implicit_optional=True
src/malaria_predictor/security/__init__.py:283: note: Use https://github.com/hauntsaninja/no_implicit_optional to automatically upgrade your codebase
src/malaria_predictor/outbreak/widgets/__init__.py:11: error: Skipping analyzing "malaria_predictor.outbreak.widgets.assessment": module is installed, but missing library stubs or py.typed marker  [import-untyped]
src/malaria_predictor/outbreak/widgets/__init__.py:12: error: Skipping analyzing "malaria_predictor.outbreak.widgets.dashboard": module is installed, but missing library stubs or py.typed marker  [import-untyped]
src/malaria_predictor/outbreak/widgets/__init__.py:13: error: Skipping analyzing "malaria_predictor.outbreak.widgets.forecasting": module is installed, but missing library stubs or py.typed marker  [import-untyped]
src/malaria_predictor/outbreak/widgets/__init__.py:14: error: Skipping analyzing "malaria_predictor.outbreak.widgets.summaries": module is installed, but missing library stubs or py.typed marker  [import-untyped]
src/malaria_predictor/outbreak/visualization/__init__.py:11: error: Skipping analyzing "malaria_predictor.outbreak.visualization.dashboard": module is installed, but missing library stubs or py.typed marker  [import-untyped]
src/malaria_predictor/outbreak/visualization/__init__.py:12: error: Skipping analyzing "malaria_predictor.outbreak.visualization.maps": module is installed, but missing library stubs or py.typed marker  [import-untyped]
src/malaria_predictor/outbreak/services/__init__.py:10: error: Skipping analyzing "malaria_predictor.outbreak.services.cluster_analyzer": module is installed, but missing library stubs or py.typed marker  [import-untyped]
src/malaria_predictor/outbreak/services/__init__.py:11: error: Skipping analyzing "malaria_predictor.outbreak.services.epidemiological_service": module is installed, but missing library stubs or py.typed marker  [import-untyped]
src/malaria_predictor/outbreak/services/__init__.py:14: error: Skipping analyzing "malaria_predictor.outbreak.services.surveillance_service": module is installed, but missing library stubs or py.typed marker  [import-untyped]
src/malaria_predictor/config.py:63: error: Incompatible types in assignment (expression has type "str", variable has type "PostgresDsn")  [assignment]
src/malaria_predictor/config.py:100: error: Incompatible types in assignment (expression has type "str", variable has type "RedisDsn")  [assignment]
src/malaria_predictor/config.py:133: error: Incompatible types in assignment (expression has type "str", variable has type "HttpUrl")  [assignment]
src/malaria_predictor/config.py:139: error: Incompatible types in assignment (expression has type "str", variable has type "HttpUrl")  [assignment]
src/malaria_predictor/config.py:147: error: Incompatible types in assignment (expression has type "str", variable has type "HttpUrl")  [assignment]
src/malaria_predictor/config.py:152: error: Incompatible types in assignment (expression has type "str", variable has type "HttpUrl")  [assignment]
src/malaria_predictor/config.py:157: error: Incompatible types in assignment (expression has type "str", variable has type "HttpUrl")  [assignment]
src/malaria_predictor/config.py:615: error: Unexpected keyword argument "_env_file" for "Settings"  [call-arg]
src/malaria_predictor/services/worldpop_client.py:416: error: Incompatible return value type (got "tuple[Path, int, dict[str, str | int]]", expected "tuple[Path | None, int, dict[str, str | float]]")  [return-value]
src/malaria_predictor/services/worldpop_client.py:739: error: Incompatible return value type (got "dict[str, dict[str, ndarray[tuple[Any, ...], dtype[Any]] | float]]", expected "dict[str, dict[str, float]]")  [return-value]
src/malaria_predictor/services/modis_client.py:416: error: Missing return statement  [return]
src/malaria_predictor/services/modis_client.py:669: error: Dict entry 0 has incompatible type "str": "str"; expected "str": "int"  [dict-item]
src/malaria_predictor/services/map_client.py:638: error: Incompatible types in assignment (expression has type "int", target has type "str")  [assignment]
src/malaria_predictor/services/map_client.py:640: error: Incompatible types in assignment (expression has type "int", target has type "str")  [assignment]
src/malaria_predictor/services/chirps_client.py:290: error: Incompatible return value type (got "dict[str, Any]", expected "ndarray[tuple[Any, ...], dtype[Any]] | None")  [return-value]
src/malaria_predictor/notifications/fcm_service.py:300: error: Incompatible types in assignment (expression has type "tuple[bool, None, str]", target has type "tuple[bool, Any, None]")  [assignment]
src/malaria_predictor/notifications/fcm_service.py:309: error: Incompatible types in assignment (expression has type "tuple[bool, None, str]", target has type "tuple[bool, Any, None]")  [assignment]
src/malaria_predictor/notifications/fcm_service.py:312: error: Incompatible return value type (got "dict[str, tuple[bool, Any, None]]", expected "dict[str, tuple[bool, str | None, str | None]]")  [return-value]
src/malaria_predictor/notifications/fcm_service.py:312: note: "dict" is invariant -- see https://mypy.readthedocs.io/en/stable/common_issues.html#variance
src/malaria_predictor/notifications/fcm_service.py:312: note: Consider using "Mapping" instead, which is covariant in the value type
src/malaria_predictor/notifications/fcm_service.py:312: note: Perhaps you need a type annotation for "results"? Suggestion: "dict[str, tuple[bool, str | None, str | None]]"
src/malaria_predictor/database/session.py:58: error: Incompatible types in assignment (expression has type "dict[str, int]", variable has type "dict[str, type[NullPool]]")  [assignment]
src/malaria_predictor/database/session.py:216: error: "Pool" has no attribute "size"  [attr-defined]
src/malaria_predictor/database/session.py:217: error: "Pool" has no attribute "checkedin"  [attr-defined]
src/malaria_predictor/database/session.py:218: error: "Pool" has no attribute "checkedout"  [attr-defined]
src/malaria_predictor/database/session.py:219: error: "Pool" has no attribute "overflow"  [attr-defined]
src/malaria_predictor/database/session.py:220: error: "Pool" has no attribute "invalid"; maybe "_invalidate"?  [attr-defined]
src/malaria_predictor/database/session.py:267: error: Unsupported operand types for <= ("int" and "None")  [operator]
src/malaria_predictor/database/session.py:267: note: Left operand is of type "Any | None"
src/malaria_predictor/database/session.py:357: error: Function is missing a type annotation  [no-untyped-def]
src/malaria_predictor/services/unified_data_harmonizer.py:203: error: "Settings" has no attribute "cache_directory"  [attr-defined]
src/malaria_predictor/services/data_persistence.py:88: error: Incompatible types in assignment (expression has type "ndarray[tuple[Any, ...], dtype[Any]] | None", variable has type "ndarray[tuple[Any, ...], dtype[float64]]")  [assignment]
src/malaria_predictor/services/data_persistence.py:94: error: Incompatible types in assignment (expression has type "ndarray[tuple[Any, ...], dtype[Any]] | None", variable has type "ndarray[tuple[Any, ...], dtype[float64]]")  [assignment]
src/malaria_predictor/services/data_persistence.py:101: error: Incompatible types in assignment (expression has type "ndarray[tuple[Any, ...], dtype[Any]] | None", variable has type "ndarray[tuple[Any, ...], dtype[float64]]")  [assignment]
src/malaria_predictor/services/data_persistence.py:108: error: Incompatible types in assignment (expression has type "ndarray[tuple[Any, ...], dtype[Any]] | None", variable has type "ndarray[tuple[Any, ...], dtype[float64]]")  [assignment]
src/malaria_predictor/services/data_persistence.py:306: error: Item "None" of "DataArray | None" has no attribute "values"  [union-attr]
src/malaria_predictor/monitoring/health.py:499: error: Incompatible types in assignment (expression has type "ComponentHealth | BaseException", variable has type "ComponentHealth")  [assignment]
src/malaria_predictor/alerts/alert_history_manager.py:289: error: No overload variant of "int" matches argument type "Callable[[Any], int]"  [call-overload]
src/malaria_predictor/alerts/alert_history_manager.py:289: note: Possible overload variants:
src/malaria_predictor/alerts/alert_history_manager.py:289: note:     def int(str | Buffer | SupportsInt | SupportsIndex | SupportsTrunc = ..., /) -> int
src/malaria_predictor/alerts/alert_history_manager.py:289: note:     def int(str | bytes | bytearray, /, base: SupportsIndex) -> int
src/malaria_predictor/alerts/alert_history_manager.py:302: error: No overload variant of "int" matches argument type "Callable[[Any], int]"  [call-overload]
src/malaria_predictor/alerts/alert_history_manager.py:302: note: Possible overload variants:
src/malaria_predictor/alerts/alert_history_manager.py:302: note:     def int(str | Buffer | SupportsInt | SupportsIndex | SupportsTrunc = ..., /) -> int
src/malaria_predictor/alerts/alert_history_manager.py:302: note:     def int(str | bytes | bytearray, /, base: SupportsIndex) -> int
src/malaria_predictor/alerts/alert_history_manager.py:521: error: Incompatible types in assignment (expression has type "str", variable has type "Column[str]")  [assignment]
src/malaria_predictor/monitoring/operations_dashboard.py:62: error: Returning Any from function declared to return "dict[str, Any]"  [no-any-return]
src/malaria_predictor/monitoring/operations_dashboard.py:124: error: "HealthChecker" has no attribute "get_overall_health"  [attr-defined]
src/malaria_predictor/monitoring/operations_dashboard.py:214: error: Returning Any from function declared to return "bool"  [no-any-return]
src/malaria_predictor/monitoring/operations_dashboard.py:216: error: Returning Any from function declared to return "bool"  [no-any-return]
src/malaria_predictor/monitoring/operations_dashboard.py:218: error: Returning Any from function declared to return "bool"  [no-any-return]
src/malaria_predictor/monitoring/operations_dashboard.py:220: error: Returning Any from function declared to return "bool"  [no-any-return]
src/malaria_predictor/monitoring/operations_dashboard.py:320: error: Returning Any from function declared to return "list[dict[str, Any]]"  [no-any-return]
src/malaria_predictor/monitoring/operations_dashboard.py:866: error: "Sequence[str]" has no attribute "append"  [attr-defined]
src/malaria_predictor/api/auth.py:357: error: Function "builtins.callable" is not valid as a type  [valid-type]
src/malaria_predictor/api/auth.py:357: note: Perhaps you meant "typing.Callable" instead of "callable"?
src/malaria_predictor/api/auth.py:369: error: Incompatible default for argument "current_user" (default has type "None", argument has type "User")  [assignment]
src/malaria_predictor/api/auth.py:369: note: PEP 484 prohibits implicit Optional. Accordingly, mypy has changed its default to no_implicit_optional=True
src/malaria_predictor/api/auth.py:369: note: Use https://github.com/hauntsaninja/no_implicit_optional to automatically upgrade your codebase
src/malaria_predictor/api/auth.py:370: error: Incompatible default for argument "current_api_key" (default has type "None", argument has type "APIKey")  [assignment]
src/malaria_predictor/api/auth.py:370: note: PEP 484 prohibits implicit Optional. Accordingly, mypy has changed its default to no_implicit_optional=True
src/malaria_predictor/api/auth.py:370: note: Use https://github.com/hauntsaninja/no_implicit_optional to automatically upgrade your codebase
src/malaria_predictor/api/auth.py:379: error: No overload variant of "get" of "dict" matches argument types "Column[str]", "list[Never]"  [call-overload]
src/malaria_predictor/api/auth.py:379: note: Possible overload variants:
src/malaria_predictor/api/auth.py:379: note:     def get(self, str, None = ..., /) -> list[str] | None
src/malaria_predictor/api/auth.py:379: note:     def get(self, str, list[str], /) -> list[str]
src/malaria_predictor/api/auth.py:379: note:     def [_T] get(self, str, _T, /) -> list[str] | _T
src/malaria_predictor/api/auth.py:420: error: Function "builtins.callable" is not valid as a type  [valid-type]
src/malaria_predictor/api/auth.py:420: note: Perhaps you meant "typing.Callable" instead of "callable"?
src/malaria_predictor/api/healthcare_security.py:323: error: Incompatible types in assignment (expression has type "str", variable has type "None")  [assignment]
src/malaria_predictor/api/healthcare_documentation.py:220: error: Missing named argument "embedded_content" for "KnowledgeResource"  [call-arg]
src/malaria_predictor/api/healthcare_documentation.py:232: error: Missing named argument "content_url" for "KnowledgeResource"  [call-arg]
src/malaria_predictor/api/healthcare_documentation.py:261: error: Missing named argument "content_url" for "KnowledgeResource"  [call-arg]
src/malaria_predictor/api/healthcare_documentation.py:415: error: Missing named argument "is_confidential" for "ProfessionalNote"  [call-arg]
src/malaria_predictor/api/healthcare_documentation.py:415: error: Missing named argument "signed_by" for "ProfessionalNote"  [call-arg]
src/malaria_predictor/api/healthcare_documentation.py:446: error: Function is missing a type annotation for one or more arguments  [no-untyped-def]
src/malaria_predictor/api/healthcare_documentation.py:491: error: Function is missing a type annotation for one or more arguments  [no-untyped-def]
src/malaria_predictor/api/healthcare_documentation.py:532: error: Function is missing a type annotation for one or more arguments  [no-untyped-def]
src/malaria_predictor/api/healthcare_documentation.py:569: error: Function is missing a type annotation for one or more arguments  [no-untyped-def]
src/malaria_predictor/api/healthcare_documentation.py:628: error: Redundant cast to "ClinicalReport"  [redundant-cast]
src/malaria_predictor/api/routers/healthcare.py:18: error: Module "malaria_predictor.api.models" has no attribute "RiskLevel"; maybe "RiskLevelEnum"?  [attr-defined]
src/malaria_predictor/api/routers/healthcare.py:182: error: Missing named argument "is_active" for "RiskAssessmentQuestionnaireTemplate"  [call-arg]
src/malaria_predictor/api/routers/healthcare.py:268: error: Missing named argument "is_active" for "RiskAssessmentQuestionnaireTemplate"  [call-arg]
src/malaria_predictor/api/routers/healthcare.py:372: error: Missing named argument "validated_by" for "RiskAssessmentResponse"  [call-arg]
src/malaria_predictor/api/routers/healthcare.py:418: error: Missing named argument "status" for "PatientCase"  [call-arg]
src/malaria_predictor/api/routers/healthcare.py:935: error: Missing named argument "dhis2_export_status" for "SurveillanceReport"  [call-arg]
src/malaria_predictor/api/routers/healthcare.py:935: error: Missing named argument "validation_status" for "SurveillanceReport"  [call-arg]
src/malaria_predictor/alerts/enhanced_firebase_service.py:214: error: Incompatible types in assignment (expression has type "Queue[Never]", variable has type "list[Any]")  [assignment]
src/malaria_predictor/alerts/enhanced_firebase_service.py:596: error: Incompatible types in assignment (expression has type "float", variable has type "int")  [assignment]
src/malaria_predictor/alerts/enhanced_firebase_service.py:618: error: Returning Any from function declared to return "dict[str, Any] | None"  [no-any-return]
src/malaria_predictor/alerts/enhanced_firebase_service.py:620: error: Returning Any from function declared to return "dict[str, Any] | None"  [no-any-return]
src/malaria_predictor/alerts/enhanced_firebase_service.py:792: error: "AsyncSession" has no attribute "query"  [attr-defined]
src/malaria_predictor/alerts/enhanced_firebase_service.py:987: error: "list[Any]" has no attribute "put"  [attr-defined]
src/malaria_predictor/alerts/enhanced_firebase_service.py:1012: error: "list[Any]" has no attribute "qsize"  [attr-defined]
src/malaria_predictor/alerts/enhanced_firebase_service.py:1013: error: "list[Any]" has no attribute "empty"  [attr-defined]
src/malaria_predictor/alerts/enhanced_firebase_service.py:1014: error: "list[Any]" has no attribute "get"  [attr-defined]
src/malaria_predictor/alerts/enhanced_firebase_service.py:1094: error: "list[Any]" has no attribute "qsize"  [attr-defined]
src/malaria_predictor/alerts/bulk_notification_manager.py:138: error: Function is missing a type annotation  [no-untyped-def]
src/malaria_predictor/alerts/bulk_notification_manager.py:197: error: Incompatible types in assignment (expression has type "Queue[Never]", variable has type "list[Any]")  [assignment]
src/malaria_predictor/alerts/bulk_notification_manager.py:198: error: Incompatible types in assignment (expression has type "Queue[Never]", variable has type "list[Any]")  [assignment]
src/malaria_predictor/alerts/bulk_notification_manager.py:682: error: "list[Any]" has no attribute "put"  [attr-defined]
src/malaria_predictor/alerts/bulk_notification_manager.py:731: error: Incompatible return value type (got "dict[str, dict[str, str]]", expected "dict[str, str]")  [return-value]
src/malaria_predictor/alerts/bulk_notification_manager.py:748: error: "AsyncSession" has no attribute "query"  [attr-defined]
src/malaria_predictor/alerts/bulk_notification_manager.py:848: error: "list[Any]" has no attribute "get"  [attr-defined]
src/malaria_predictor/alerts/bulk_notification_manager.py:918: error: "list[Any]" has no attribute "put"  [attr-defined]
src/malaria_predictor/alerts/bulk_notification_manager.py:924: error: "list[Any]" has no attribute "get"  [attr-defined]
src/malaria_predictor/alerts/bulk_notification_manager.py:931: error: "list[Any]" has no attribute "put"  [attr-defined]
src/malaria_predictor/alerts/bulk_notification_manager.py:941: error: "list[Any]" has no attribute "qsize"  [attr-defined]
src/malaria_predictor/notifications/templates.py:168: error: Dict entry 2 has incompatible type "str": "str | None"; expected "str": "str"  [dict-item]
src/malaria_predictor/notifications/templates.py:169: error: Dict entry 3 has incompatible type "str": "Column[str]"; expected "str": "str"  [dict-item]
src/malaria_predictor/notifications/templates.py:170: error: Dict entry 4 has incompatible type "str": "Column[str]"; expected "str": "str"  [dict-item]
src/malaria_predictor/notifications/templates.py:171: error: Dict entry 5 has incompatible type "str": "Column[str]"; expected "str": "str"  [dict-item]
src/malaria_predictor/notifications/templates.py:475: error: Missing named argument "outbreak_probability" for "TemplateContext"  [call-arg]
src/malaria_predictor/notifications/templates.py:508: error: Missing named argument "risk_score" for "TemplateContext"  [call-arg]
src/malaria_predictor/notifications/templates.py:536: error: Missing named argument "risk_score" for "TemplateContext"  [call-arg]
src/malaria_predictor/notifications/templates.py:536: error: Missing named argument "outbreak_probability" for "TemplateContext"  [call-arg]
src/malaria_predictor/monitoring/middleware.py:33: error: Function is missing a type annotation for one or more arguments  [no-untyped-def]
src/malaria_predictor/monitoring/middleware.py:138: error: Returning Any from function declared to return "str"  [no-any-return]
src/malaria_predictor/monitoring/middleware.py:153: error: Function is missing a type annotation for one or more arguments  [no-untyped-def]
src/malaria_predictor/monitoring/middleware.py:189: error: Argument 1 to "add_request_metrics" of "APITracer" has incompatible type "Span | None"; expected "Span"  [arg-type]
src/malaria_predictor/monitoring/middleware.py:220: error: Function is missing a type annotation for one or more arguments  [no-untyped-def]
src/malaria_predictor/monitoring/middleware.py:341: error: Function is missing a type annotation for one or more arguments  [no-untyped-def]
src/malaria_predictor/monitoring/middleware.py:481: error: Function is missing a type annotation for one or more arguments  [no-untyped-def]
src/malaria_predictor/api/routers/operations.py:96: error: Returning Any from function declared to return "dict[str, Any]"  [no-any-return]
src/malaria_predictor/api/routers/operations.py:96: error: "HealthChecker" has no attribute "get_overall_health"  [attr-defined]
src/malaria_predictor/api/routers/operations.py:315: error: Skipping analyzing "malaria_predictor.performance.cache_optimization": module is installed, but missing library stubs or py.typed marker  [import-untyped]
src/malaria_predictor/api/routers/operations.py:315: note: See https://mypy.readthedocs.io/en/stable/running_mypy.html#missing-imports
src/malaria_predictor/api/routers/auth.py:63: error: No overload variant of "execute" of "AsyncSession" matches argument type "str"  [call-overload]
src/malaria_predictor/api/routers/auth.py:63: note: Possible overload variants:
src/malaria_predictor/api/routers/auth.py:63: note:     def [_T: Any] execute(self, statement: TypedReturnsRows[_T], params: Sequence[Mapping[str, Any]] | Mapping[str, Any] | None = ..., *, execution_options: _OrmKnownExecutionOptions | Mapping[str, Any] = ..., bind_arguments: dict[str, Any] | None = ..., _parent_execute_state: Any | None = ..., _add_event: Any | None = ...) -> Coroutine[Any, Any, Result[_T]]
src/malaria_predictor/api/routers/auth.py:63: note:     def execute(self, statement: UpdateBase, params: Sequence[Mapping[str, Any]] | Mapping[str, Any] | None = ..., *, execution_options: _OrmKnownExecutionOptions | Mapping[str, Any] = ..., bind_arguments: dict[str, Any] | None = ..., _parent_execute_state: Any | None = ..., _add_event: Any | None = ...) -> Coroutine[Any, Any, CursorResult[Any]]
src/malaria_predictor/api/routers/auth.py:63: note:     def execute(self, statement: Executable, params: Sequence[Mapping[str, Any]] | Mapping[str, Any] | None = ..., *, execution_options: _OrmKnownExecutionOptions | Mapping[str, Any] = ..., bind_arguments: dict[str, Any] | None = ..., _parent_execute_state: Any | None = ..., _add_event: Any | None = ...) -> Coroutine[Any, Any, Result[Any]]
src/malaria_predictor/api/routers/auth.py:230: error: No overload variant of "execute" of "AsyncSession" matches argument type "str"  [call-overload]
src/malaria_predictor/api/routers/auth.py:230: note: Possible overload variants:
src/malaria_predictor/api/routers/auth.py:230: note:     def [_T: Any] execute(self, statement: TypedReturnsRows[_T], params: Sequence[Mapping[str, Any]] | Mapping[str, Any] | None = ..., *, execution_options: _OrmKnownExecutionOptions | Mapping[str, Any] = ..., bind_arguments: dict[str, Any] | None = ..., _parent_execute_state: Any | None = ..., _add_event: Any | None = ...) -> Coroutine[Any, Any, Result[_T]]
src/malaria_predictor/api/routers/auth.py:230: note:     def execute(self, statement: UpdateBase, params: Sequence[Mapping[str, Any]] | Mapping[str, Any] | None = ..., *, execution_options: _OrmKnownExecutionOptions | Mapping[str, Any] = ..., bind_arguments: dict[str, Any] | None = ..., _parent_execute_state: Any | None = ..., _add_event: Any | None = ...) -> Coroutine[Any, Any, CursorResult[Any]]
src/malaria_predictor/api/routers/auth.py:230: note:     def execute(self, statement: Executable, params: Sequence[Mapping[str, Any]] | Mapping[str, Any] | None = ..., *, execution_options: _OrmKnownExecutionOptions | Mapping[str, Any] = ..., bind_arguments: dict[str, Any] | None = ..., _parent_execute_state: Any | None = ..., _add_event: Any | None = ...) -> Coroutine[Any, Any, Result[Any]]
src/malaria_predictor/api/routers/auth.py:248: error: No overload variant of "execute" of "AsyncSession" matches argument type "str"  [call-overload]
src/malaria_predictor/api/routers/auth.py:248: note: Possible overload variants:
src/malaria_predictor/api/routers/auth.py:248: note:     def [_T: Any] execute(self, statement: TypedReturnsRows[_T], params: Sequence[Mapping[str, Any]] | Mapping[str, Any] | None = ..., *, execution_options: _OrmKnownExecutionOptions | Mapping[str, Any] = ..., bind_arguments: dict[str, Any] | None = ..., _parent_execute_state: Any | None = ..., _add_event: Any | None = ...) -> Coroutine[Any, Any, Result[_T]]
src/malaria_predictor/api/routers/auth.py:248: note:     def execute(self, statement: UpdateBase, params: Sequence[Mapping[str, Any]] | Mapping[str, Any] | None = ..., *, execution_options: _OrmKnownExecutionOptions | Mapping[str, Any] = ..., bind_arguments: dict[str, Any] | None = ..., _parent_execute_state: Any | None = ..., _add_event: Any | None = ...) -> Coroutine[Any, Any, CursorResult[Any]]
src/malaria_predictor/api/routers/auth.py:248: note:     def execute(self, statement: Executable, params: Sequence[Mapping[str, Any]] | Mapping[str, Any] | None = ..., *, execution_options: _OrmKnownExecutionOptions | Mapping[str, Any] = ..., bind_arguments: dict[str, Any] | None = ..., _parent_execute_state: Any | None = ..., _add_event: Any | None = ...) -> Coroutine[Any, Any, Result[Any]]
src/malaria_predictor/api/routers/auth.py:267: error: No overload variant of "execute" of "AsyncSession" matches argument type "str"  [call-overload]
src/malaria_predictor/api/routers/auth.py:267: note: Possible overload variants:
src/malaria_predictor/api/routers/auth.py:267: note:     def [_T: Any] execute(self, statement: TypedReturnsRows[_T], params: Sequence[Mapping[str, Any]] | Mapping[str, Any] | None = ..., *, execution_options: _OrmKnownExecutionOptions | Mapping[str, Any] = ..., bind_arguments: dict[str, Any] | None = ..., _parent_execute_state: Any | None = ..., _add_event: Any | None = ...) -> Coroutine[Any, Any, Result[_T]]
src/malaria_predictor/api/routers/auth.py:267: note:     def execute(self, statement: UpdateBase, params: Sequence[Mapping[str, Any]] | Mapping[str, Any] | None = ..., *, execution_options: _OrmKnownExecutionOptions | Mapping[str, Any] = ..., bind_arguments: dict[str, Any] | None = ..., _parent_execute_state: Any | None = ..., _add_event: Any | None = ...) -> Coroutine[Any, Any, CursorResult[Any]]
src/malaria_predictor/api/routers/auth.py:267: note:     def execute(self, statement: Executable, params: Sequence[Mapping[str, Any]] | Mapping[str, Any] | None = ..., *, execution_options: _OrmKnownExecutionOptions | Mapping[str, Any] = ..., bind_arguments: dict[str, Any] | None = ..., _parent_execute_state: Any | None = ..., _add_event: Any | None = ...) -> Coroutine[Any, Any, Result[Any]]
src/malaria_predictor/api/routers/auth.py:331: error: No overload variant of "execute" of "AsyncSession" matches argument type "str"  [call-overload]
src/malaria_predictor/api/routers/auth.py:331: note: Possible overload variants:
src/malaria_predictor/api/routers/auth.py:331: note:     def [_T: Any] execute(self, statement: TypedReturnsRows[_T], params: Sequence[Mapping[str, Any]] | Mapping[str, Any] | None = ..., *, execution_options: _OrmKnownExecutionOptions | Mapping[str, Any] = ..., bind_arguments: dict[str, Any] | None = ..., _parent_execute_state: Any | None = ..., _add_event: Any | None = ...) -> Coroutine[Any, Any, Result[_T]]
src/malaria_predictor/api/routers/auth.py:331: note:     def execute(self, statement: UpdateBase, params: Sequence[Mapping[str, Any]] | Mapping[str, Any] | None = ..., *, execution_options: _OrmKnownExecutionOptions | Mapping[str, Any] = ..., bind_arguments: dict[str, Any] | None = ..., _parent_execute_state: Any | None = ..., _add_event: Any | None = ...) -> Coroutine[Any, Any, CursorResult[Any]]
src/malaria_predictor/api/routers/auth.py:331: note:     def execute(self, statement: Executable, params: Sequence[Mapping[str, Any]] | Mapping[str, Any] | None = ..., *, execution_options: _OrmKnownExecutionOptions | Mapping[str, Any] = ..., bind_arguments: dict[str, Any] | None = ..., _parent_execute_state: Any | None = ..., _add_event: Any | None = ...) -> Coroutine[Any, Any, Result[Any]]
src/malaria_predictor/api/routers/auth.py:446: error: Dict entry 2 has incompatible type "str": "Column[str]"; expected "str": "str"  [dict-item]
src/malaria_predictor/api/routers/auth.py:474: error: No overload variant of "execute" of "AsyncSession" matches argument type "str"  [call-overload]
src/malaria_predictor/api/routers/auth.py:474: note: Possible overload variants:
src/malaria_predictor/api/routers/auth.py:474: note:     def [_T: Any] execute(self, statement: TypedReturnsRows[_T], params: Sequence[Mapping[str, Any]] | Mapping[str, Any] | None = ..., *, execution_options: _OrmKnownExecutionOptions | Mapping[str, Any] = ..., bind_arguments: dict[str, Any] | None = ..., _parent_execute_state: Any | None = ..., _add_event: Any | None = ...) -> Coroutine[Any, Any, Result[_T]]
src/malaria_predictor/api/routers/auth.py:474: note:     def execute(self, statement: UpdateBase, params: Sequence[Mapping[str, Any]] | Mapping[str, Any] | None = ..., *, execution_options: _OrmKnownExecutionOptions | Mapping[str, Any] = ..., bind_arguments: dict[str, Any] | None = ..., _parent_execute_state: Any | None = ..., _add_event: Any | None = ...) -> Coroutine[Any, Any, CursorResult[Any]]
src/malaria_predictor/api/routers/auth.py:474: note:     def execute(self, statement: Executable, params: Sequence[Mapping[str, Any]] | Mapping[str, Any] | None = ..., *, execution_options: _OrmKnownExecutionOptions | Mapping[str, Any] = ..., bind_arguments: dict[str, Any] | None = ..., _parent_execute_state: Any | None = ..., _add_event: Any | None = ...) -> Coroutine[Any, Any, Result[Any]]
src/malaria_predictor/api/routers/auth.py:528: error: No overload variant of "execute" of "AsyncSession" matches argument type "str"  [call-overload]
src/malaria_predictor/api/routers/auth.py:528: note: Possible overload variants:
src/malaria_predictor/api/routers/auth.py:528: note:     def [_T: Any] execute(self, statement: TypedReturnsRows[_T], params: Sequence[Mapping[str, Any]] | Mapping[str, Any] | None = ..., *, execution_options: _OrmKnownExecutionOptions | Mapping[str, Any] = ..., bind_arguments: dict[str, Any] | None = ..., _parent_execute_state: Any | None = ..., _add_event: Any | None = ...) -> Coroutine[Any, Any, Result[_T]]
src/malaria_predictor/api/routers/auth.py:528: note:     def execute(self, statement: UpdateBase, params: Sequence[Mapping[str, Any]] | Mapping[str, Any] | None = ..., *, execution_options: _OrmKnownExecutionOptions | Mapping[str, Any] = ..., bind_arguments: dict[str, Any] | None = ..., _parent_execute_state: Any | None = ..., _add_event: Any | None = ...) -> Coroutine[Any, Any, CursorResult[Any]]
src/malaria_predictor/api/routers/auth.py:528: note:     def execute(self, statement: Executable, params: Sequence[Mapping[str, Any]] | Mapping[str, Any] | None = ..., *, execution_options: _OrmKnownExecutionOptions | Mapping[str, Any] = ..., bind_arguments: dict[str, Any] | None = ..., _parent_execute_state: Any | None = ..., _add_event: Any | None = ...) -> Coroutine[Any, Any, Result[Any]]
src/malaria_predictor/api/routers/auth.py:539: error: No overload variant of "execute" of "AsyncSession" matches argument type "str"  [call-overload]
src/malaria_predictor/api/routers/auth.py:539: note: Possible overload variants:
src/malaria_predictor/api/routers/auth.py:539: note:     def [_T: Any] execute(self, statement: TypedReturnsRows[_T], params: Sequence[Mapping[str, Any]] | Mapping[str, Any] | None = ..., *, execution_options: _OrmKnownExecutionOptions | Mapping[str, Any] = ..., bind_arguments: dict[str, Any] | None = ..., _parent_execute_state: Any | None = ..., _add_event: Any | None = ...) -> Coroutine[Any, Any, Result[_T]]
src/malaria_predictor/api/routers/auth.py:539: note:     def execute(self, statement: UpdateBase, params: Sequence[Mapping[str, Any]] | Mapping[str, Any] | None = ..., *, execution_options: _OrmKnownExecutionOptions | Mapping[str, Any] = ..., bind_arguments: dict[str, Any] | None = ..., _parent_execute_state: Any | None = ..., _add_event: Any | None = ...) -> Coroutine[Any, Any, CursorResult[Any]]
src/malaria_predictor/api/routers/auth.py:539: note:     def execute(self, statement: Executable, params: Sequence[Mapping[str, Any]] | Mapping[str, Any] | None = ..., *, execution_options: _OrmKnownExecutionOptions | Mapping[str, Any] = ..., bind_arguments: dict[str, Any] | None = ..., _parent_execute_state: Any | None = ..., _add_event: Any | None = ...) -> Coroutine[Any, Any, Result[Any]]
src/malaria_predictor/alerts/emergency_protocols.py:213: error: "Alert" has no attribute "risk_level"  [attr-defined]
src/malaria_predictor/alerts/emergency_protocols.py:217: error: "Alert" has no attribute "area_name"  [attr-defined]
src/malaria_predictor/alerts/emergency_protocols.py:220: error: "Alert" has no attribute "message"  [attr-defined]
src/malaria_predictor/alerts/emergency_protocols.py:268: error: Unexpected keyword argument "recipient_id" for "NotificationRequest"; did you mean "recipient" or "recipient_type"?  [call-arg]
src/malaria_predictor/alerts/emergency_protocols.py:270: error: "Alert" has no attribute "message"  [attr-defined]
src/malaria_predictor/alerts/emergency_protocols.py:286: error: "DeliveryResult" has no attribute "details"  [attr-defined]
src/malaria_predictor/alerts/emergency_protocols.py:382: error: "Alert" has no attribute "risk_level"  [attr-defined]
src/malaria_predictor/alerts/emergency_protocols.py:384: error: "Alert" has no attribute "risk_level"  [attr-defined]
src/malaria_predictor/ml/models/transformer_model.py:77: error: Value of type "Tensor | Module" is not indexable  [index]
src/malaria_predictor/ml/models/transformer_model.py:77: error: Value of type "Size | Tensor | Module" is not indexable  [index]
src/malaria_predictor/ml/models/transformer_model.py:171: error: Returning Any from function declared to return "Tensor"  [no-any-return]
src/malaria_predictor/ml/models/transformer_model.py:183: error: Returning Any from function declared to return "Tensor"  [no-any-return]
src/malaria_predictor/ml/models/transformer_model.py:468: error: Return type "dict[str, Any]" of "configure_optimizers" incompatible with return type "Optimizer | Sequence[Optimizer] | tuple[Sequence[Optimizer], Sequence[LRScheduler | ReduceLROnPlateau | LRSchedulerConfig]] | OptimizerConfig | OptimizerLRSchedulerConfig | Sequence[OptimizerConfig] | Sequence[OptimizerLRSchedulerConfig] | None" in supertype "pytorch_lightning.core.module.LightningModule"  [override]
src/malaria_predictor/ml/models/transformer_model.py:532: error: Function is missing a type annotation  [no-untyped-def]
src/malaria_predictor/ml/models/transformer_model.py:539: error: Item "Tensor" of "Tensor | Module" has no attribute "register_forward_hook"  [union-attr]
src/malaria_predictor/ml/models/transformer_model.py:604: error: Signature of "load_from_checkpoint" incompatible with supertype "pytorch_lightning.core.module.LightningModule"  [override]
src/malaria_predictor/ml/models/transformer_model.py:604: note:      Superclass:
src/malaria_predictor/ml/models/transformer_model.py:604: note:          @classmethod
src/malaria_predictor/ml/models/transformer_model.py:604: note:          def load_from_checkpoint(cls, checkpoint_path: str | Path | IO[Any], map_location: device | str | int | Callable[[UntypedStorage, str], UntypedStorage | None] | dict[device | str | int, device | str | int] | None = ..., hparams_file: str | Path | None = ..., strict: bool | None = ..., **kwargs: Any) -> MalariaTransformer
src/malaria_predictor/ml/models/transformer_model.py:604: note:      Subclass:
src/malaria_predictor/ml/models/transformer_model.py:604: note:          def load_from_checkpoint(self, checkpoint_path: str) -> None
src/malaria_predictor/ml/models/transformer_model.py:617: error: Returning Any from function declared to return "dict[Any, Any]"  [no-any-return]
src/malaria_predictor/ml/training/pipeline.py:219: error: Incompatible types in assignment (expression has type "ndarray[tuple[Any, ...], dtype[Any]]", variable has type "list[tuple[float, float]]")  [assignment]
src/malaria_predictor/ml/training/pipeline.py:548: error: Function is missing a type annotation  [no-untyped-def]
src/malaria_predictor/ml/training/pipeline.py:779: error: Function is missing a type annotation for one or more arguments  [no-untyped-def]
src/malaria_predictor/ml/training/pipeline.py:788: error: Returning Any from function declared to return "dict[Any, Any]"  [no-any-return]
src/malaria_predictor/ml/training/pipeline.py:823: error: Function is missing a type annotation for one or more arguments  [no-untyped-def]
src/malaria_predictor/ml/training/pipeline.py:832: error: List item 0 has incompatible type "int"; expected "signedinteger[_32Bit | _64Bit]"  [list-item]
src/malaria_predictor/ml/training/pipeline.py:852: error: Function is missing a type annotation for one or more arguments  [no-untyped-def]
src/malaria_predictor/ml/training/pipeline.py:859: error: Function is missing a type annotation for one or more arguments  [no-untyped-def]
src/malaria_predictor/ml/models/ensemble_model.py:78: error: Incompatible types in assignment (expression has type "MLPFusion", variable has type "AttentionFusion")  [assignment]
src/malaria_predictor/ml/models/ensemble_model.py:85: error: Incompatible types in assignment (expression has type "WeightedFusion", variable has type "AttentionFusion")  [assignment]
src/malaria_predictor/ml/models/ensemble_model.py:228: error: Return type "dict[str, Any]" of "configure_optimizers" incompatible with return type "Optimizer | Sequence[Optimizer] | tuple[Sequence[Optimizer], Sequence[LRScheduler | ReduceLROnPlateau | LRSchedulerConfig]] | OptimizerConfig | OptimizerLRSchedulerConfig | Sequence[OptimizerConfig] | Sequence[OptimizerLRSchedulerConfig] | None" in supertype "pytorch_lightning.core.module.LightningModule"  [override]
src/malaria_predictor/ml/models/ensemble_model.py:371: error: Signature of "load_from_checkpoint" incompatible with supertype "pytorch_lightning.core.module.LightningModule"  [override]
src/malaria_predictor/ml/models/ensemble_model.py:371: note:      Superclass:
src/malaria_predictor/ml/models/ensemble_model.py:371: note:          @classmethod
src/malaria_predictor/ml/models/ensemble_model.py:371: note:          def load_from_checkpoint(cls, checkpoint_path: str | Path | IO[Any], map_location: device | str | int | Callable[[UntypedStorage, str], UntypedStorage | None] | dict[device | str | int, device | str | int] | None = ..., hparams_file: str | Path | None = ..., strict: bool | None = ..., **kwargs: Any) -> MalariaEnsembleModel
src/malaria_predictor/ml/models/ensemble_model.py:371: note:      Subclass:
src/malaria_predictor/ml/models/ensemble_model.py:371: note:          def load_from_checkpoint(self, checkpoint_path: str) -> None
src/malaria_predictor/ml/models/ensemble_model.py:384: error: Returning Any from function declared to return "dict[Any, Any]"  [no-any-return]
src/malaria_predictor/ml/models/ensemble_model.py:413: error: Returning Any from function declared to return "Tensor"  [no-any-return]
src/malaria_predictor/ml/models/ensemble_model.py:439: error: Returning Any from function declared to return "Tensor"  [no-any-return]
src/malaria_predictor/api/dependencies.py:27: error: Function is missing a type annotation  [no-untyped-def]
src/malaria_predictor/api/dependencies.py:36: error: Function is missing a type annotation  [no-untyped-def]
src/malaria_predictor/api/dependencies.py:36: error: All conditional function variants must have identical signatures  [misc]
src/malaria_predictor/api/dependencies.py:36: note: Original:
src/malaria_predictor/api/dependencies.py:36: note:     def get_current_user(token: str, session: AsyncSession, request: Request) -> Coroutine[Any, Any, User]
src/malaria_predictor/api/dependencies.py:36: note: Redefinition:
src/malaria_predictor/api/dependencies.py:36: note:     def get_current_user(*args: Any, **kwargs: Any) -> Any
src/malaria_predictor/api/dependencies.py:40: error: Function is missing a type annotation  [no-untyped-def]
src/malaria_predictor/api/dependencies.py:74: error: Incompatible types in assignment (expression has type "MalariaTransformer", variable has type "MalariaLSTM")  [assignment]
src/malaria_predictor/api/dependencies.py:76: error: Incompatible types in assignment (expression has type "MalariaEnsembleModel", variable has type "MalariaLSTM")  [assignment]
src/malaria_predictor/api/dependencies.py:185: error: Returning Any from function declared to return "MalariaLSTM | MalariaTransformer | MalariaEnsembleModel"  [no-any-return]
src/malaria_predictor/api/dependencies.py:189: error: Incompatible types in assignment (expression has type "datetime", variable has type "None")  [assignment]
src/malaria_predictor/api/dependencies.py:252: error: Missing positional argument "settings" in call to "UnifiedDataHarmonizer"  [call-arg]
src/malaria_predictor/api/dependencies.py:264: error: Function is missing a type annotation for one or more arguments  [no-untyped-def]
src/malaria_predictor/api/routers/reports.py:713: error: "Column[Any]" has no attribute "__iter__"; maybe "__str__"? (not iterable)  [attr-defined]
src/malaria_predictor/api/routers/reports.py:720: error: Invalid index type "Column[int]" for "dict[str, int]"; expected type "str"  [index]
src/malaria_predictor/api/routers/reports.py:720: error: No overload variant of "get" of "dict" matches argument types "Column[int]", "int"  [call-overload]
src/malaria_predictor/api/routers/reports.py:720: note: Possible overload variants:
src/malaria_predictor/api/routers/reports.py:720: note:     def get(self, str, None = ..., /) -> int | None
src/malaria_predictor/api/routers/reports.py:720: note:     def get(self, str, int, /) -> int
src/malaria_predictor/api/routers/reports.py:720: note:     def [_T] get(self, str, _T, /) -> int | _T
Found 252 errors in 46 files (checked 132 source files)
